<?xml version="1.0" encoding="UTF-8"?>
<!-- Generated by org.testng.reporters.JUnitReportReporter -->
<testsuite hostname="SIPL92" failures="0" tests="1" name="NetShipSupport.NSSupport" time="158.893" errors="0" timestamp="2022-09-02T10:30:38 IST" skipped="0">
  <testcase classname="NetShipSupport.NSSupport" name="nsSupport" time="158.893"/>
  <system-out/>
</testsuite> <!-- NetShipSupport.NSSupport -->
