<?xml version="1.0" encoding="UTF-8"?>
<!-- Generated by org.testng.reporters.JUnitReportReporter -->
<testsuite hostname="SIPL92" failures="0" tests="1" name="NetAgentSupport.NASupport" time="44.269" errors="0" timestamp="2022-08-25T10:27:27 IST" skipped="0">
  <testcase classname="NetAgentSupport.NASupport" name="naSupport" time="44.269"/>
  <system-out/>
</testsuite> <!-- NetAgentSupport.NASupport -->
