<?xml version="1.0" encoding="UTF-8"?>
<!-- Generated by org.testng.reporters.JUnitReportReporter -->
<testsuite hostname="SIPL92" failures="0" tests="1" name="NetShipSupport.NSSupport" time="117.777" errors="0" timestamp="2022-09-16T10:32:40 IST" skipped="0">
  <testcase classname="NetShipSupport.NSSupport" name="nsSupport" time="117.777"/>
  <system-out/>
</testsuite> <!-- NetShipSupport.NSSupport -->
