<?xml version="1.0" encoding="UTF-8"?>
<!-- Generated by org.testng.reporters.JUnitReportReporter -->
<testsuite hostname="SIPL92" failures="0" tests="1" name="NetShipSupport.NSSupport" time="143.275" errors="0" timestamp="2022-08-25T10:27:27 IST" skipped="0">
  <testcase classname="NetShipSupport.NSSupport" name="nsSupport" time="143.275"/>
  <system-out/>
</testsuite> <!-- NetShipSupport.NSSupport -->
