<?xml version="1.0" encoding="UTF-8"?>
<!-- Generated by org.testng.reporters.JUnitReportReporter -->
<testsuite hostname="SIPL92" failures="0" tests="1" name="NetAgentSupport.NASupport" time="39.868" errors="0" timestamp="2022-09-27T10:27:50 IST" skipped="0">
  <testcase classname="NetAgentSupport.NASupport" name="naSupport" time="39.868"/>
  <system-out/>
</testsuite> <!-- NetAgentSupport.NASupport -->
